2019-11-28 17:55:58.043 [TestNG-test=Test1-2] INFO  com.epam.utilities.CreateLogger - Browser got initiated
2019-11-28 17:55:58.046 [TestNG-test=Test1-2] INFO  com.epam.utilities.CreateLogger - Accessing the url
2019-11-28 17:55:58.323 [TestNG-test=Test1-3] INFO  com.epam.utilities.CreateLogger - Browser got initiated
2019-11-28 17:55:58.324 [TestNG-test=Test1-3] INFO  com.epam.utilities.CreateLogger - Accessing the url
2019-11-28 17:55:58.362 [TestNG-test=Test1-1] INFO  com.epam.utilities.CreateLogger - Browser got initiated
2019-11-28 17:55:58.363 [TestNG-test=Test1-1] INFO  com.epam.utilities.CreateLogger - Accessing the url
2019-11-28 17:55:59.180 [TestNG-test=Test1-2] INFO  com.epam.utilities.CreateLogger - Browser maximizing
2019-11-28 17:55:59.446 [TestNG-test=Test1-3] INFO  com.epam.utilities.CreateLogger - Browser maximizing
2019-11-28 17:55:59.456 [TestNG-test=Test1-3] INFO  com.epam.utilities.CreateLogger - Running ParallelTest1 
2019-11-28 17:55:59.486 [TestNG-test=Test1-1] INFO  com.epam.utilities.CreateLogger - Browser maximizing
2019-11-28 17:55:59.492 [TestNG-test=Test1-1] INFO  com.epam.utilities.CreateLogger - loginTest - Started
2019-11-28 17:55:59.812 [TestNG-test=Test1-2] INFO  com.epam.utilities.CreateLogger - CreateNewCustomer_002 - Started
2019-11-28 17:56:04.673 [TestNG-test=Test1-3] INFO  com.epam.utilities.CreateLogger - Access google page ParallelTest1 
2019-11-28 17:56:04.763 [TestNG-test=Test1-3] INFO  com.epam.utilities.CreateLogger - Entered Hello in ParallelTest1 
2019-11-28 17:56:05.413 [TestNG-test=Test1-2] INFO  com.epam.utilities.CreateLogger - User name entered as: mngr233931
2019-11-28 17:56:05.499 [TestNG-test=Test1-1] INFO  com.epam.utilities.CreateLogger - User name entered as: mngr233931
2019-11-28 17:56:05.519 [TestNG-test=Test1-2] INFO  com.epam.utilities.CreateLogger - Password entered
2019-11-28 17:56:05.585 [TestNG-test=Test1-1] INFO  com.epam.utilities.CreateLogger - Password entered
2019-11-28 17:56:06.891 [TestNG-test=Test1-2] INFO  com.epam.utilities.CreateLogger - Clicked on submit button
2019-11-28 17:56:07.161 [TestNG-test=Test1-1] INFO  com.epam.utilities.CreateLogger - Clicked on submit button
2019-11-28 17:56:07.175 [TestNG-test=Test1-1] INFO  com.epam.utilities.CreateLogger - Login Test is successful
2019-11-28 17:56:07.176 [TestNG-test=Test1-1] INFO  com.epam.utilities.CreateLogger - loginTest - Ended
2019-11-28 17:56:08.283 [TestNG-test=Test1-2] INFO  com.epam.utilities.CreateLogger - Clicked on New Cutomer Link
2019-11-28 17:56:08.287 [TestNG-test=Test1-2] INFO  com.epam.utilities.CreateLogger - Inside NewCustomer Page cusromerName:fffff
2019-11-28 17:56:08.407 [TestNG-test=Test1-2] INFO  com.epam.utilities.CreateLogger - Clicked on male radio button
2019-11-28 17:56:08.520 [TestNG-test=Test1-3] INFO  com.epam.utilities.CreateLogger - Press enter in ParallelTest1 
2019-11-28 17:56:08.632 [TestNG-test=Test1-2] INFO  com.epam.utilities.CreateLogger - Entered Address
2019-11-28 17:56:08.702 [TestNG-test=Test1-2] INFO  com.epam.utilities.CreateLogger - Entered city
2019-11-28 17:56:08.776 [TestNG-test=Test1-2] INFO  com.epam.utilities.CreateLogger - Entered state
2019-11-28 17:56:08.841 [TestNG-test=Test1-2] INFO  com.epam.utilities.CreateLogger - Entered pin
2019-11-28 17:56:08.914 [TestNG-test=Test1-2] INFO  com.epam.utilities.CreateLogger - Entered mobile
2019-11-28 17:56:09.012 [TestNG-test=Test1-2] INFO  com.epam.utilities.CreateLogger - Entered Email
2019-11-28 17:56:09.079 [TestNG-test=Test1-2] INFO  com.epam.utilities.CreateLogger - Entered password
2019-11-28 17:56:09.760 [TestNG-test=Test1-2] INFO  com.epam.utilities.CreateLogger - Clicked on submitt button
2019-11-28 17:56:10.830 [TestNG-test=Test1-2] INFO  com.epam.utilities.CreateLogger - User Registration is failed for fffff
